<?xml version="1.0" encoding="UTF-8"?>
<testsuite xmlns:xsi="http://www.w3.org/2001/XMLSchema-instance" xsi:noNamespaceSchemaLocation="https://maven.apache.org/surefire/maven-surefire-plugin/xsd/surefire-test-report-3.0.xsd" version="3.0" name="com.medpay.order.statemachine.OrderStateMachineTest" time="0.043" tests="17" errors="0" skipped="0" failures="0">
  <properties>
[...]
</properties>
  <testcase name="testPaymentFailed" classname="com.medpay.order.statemachine.OrderStateMachineTest" time="0.014"/>
  <testcase name="testCanTransitionMethod" classname="com.medpay.order.statemachine.OrderStateMachineTest" time="0.001"/>
  <testcase name="testPartialRefundRejected" classname="com.medpay.order.statemachine.OrderStateMachineTest" time="0.001"/>
  <testcase name="testCannotTransitionFromClosed" classname="com.medpay.order.statemachine.OrderStateMachineTest" time="0.002"/>
  <testcase name="testFullHappyPath" classname="com.medpay.order.statemachine.OrderStateMachineTest" time="0.0"/>
  <testcase name="testCannotTransitionFromCancelled" classname="com.medpay.order.statemachine.OrderStateMachineTest" time="0.001"/>
  <testcase name="testPaymentExpiredFromPaying" classname="com.medpay.order.statemachine.OrderStateMachineTest" time="0.0"/>
  <testcase name="testCannotPayAlreadyPaid" classname="com.medpay.order.statemachine.OrderStateMachineTest" time="0.0"/>
  <testcase name="testCancelFromCreated" classname="com.medpay.order.statemachine.OrderStateMachineTest" time="0.0"/>
  <testcase name="testCancelFromPendingPayment" classname="com.medpay.order.statemachine.OrderStateMachineTest" time="0.001"/>
  <testcase name="testRefundFromCompleted" classname="com.medpay.order.statemachine.OrderStateMachineTest" time="0.0"/>
  <testcase name="testPaymentExpired" classname="com.medpay.order.statemachine.OrderStateMachineTest" time="0.0"/>
  <testcase name="testPartialRefundFlow" classname="com.medpay.order.statemachine.OrderStateMachineTest" time="0.001"/>
  <testcase name="testRefundRejected" classname="com.medpay.order.statemachine.OrderStateMachineTest" time="0.0"/>
  <testcase name="testRefundedCanBeClosed" classname="com.medpay.order.statemachine.OrderStateMachineTest" time="0.0"/>
  <testcase name="testRefundFailed" classname="com.medpay.order.statemachine.OrderStateMachineTest" time="0.001"/>
  <testcase name="testRefundFlow" classname="com.medpay.order.statemachine.OrderStateMachineTest" time="0.0"/>
</testsuite>